Using pre-set license
Built from '2020.3/staging' branch; Version is '2020.3.28f1 (f5400f52e03f) revision 16072719'; Using compiler version '192528614'; Build Type 'Release'
OS: 'Windows 10  (10.0.19044) 64bit Professional' Language: 'ru' Physical Memory: 16309 MB
BatchMode: 1, IsHumanControllingUs: 0, StartBugReporterOnCrash: 0, Is64bit: 1, IsPro: 0

COMMAND LINE ARGUMENTS:
D:\Programs\Unity\2020.3.28f1\Editor\Unity.exe
-adb2
-batchMode
-noUpm
-name
AssetImportWorker0
-projectPath
D:/Project/Chess/Chess
-logFile
Logs/AssetImportWorker0.log
-srvPort
55137
Successfully changed project path to: D:/Project/Chess/Chess
D:/Project/Chess/Chess
Using Asset Import Pipeline V2.
Refreshing native plugins compatible for Editor in 42.17 ms, found 3 plugins.
Preloading 0 native plugins for Editor in 0.00 ms.
Initialize engine version: 2020.3.28f1 (f5400f52e03f)
[Subsystems] Discovering subsystems at path D:/Programs/Unity/2020.3.28f1/Editor/Data/Resources/UnitySubsystems
[Subsystems] Discovering subsystems at path D:/Project/Chess/Chess/Assets
GfxDevice: creating device client; threaded=0
Direct3D:
    Version:  Direct3D 11.0 [level 11.1]
    Renderer: NVIDIA GeForce GTX 1660 Ti (ID=0x2182)
    Vendor:   
    VRAM:     5991 MB
    Driver:   27.21.14.6079
Initialize mono
Mono path[0] = 'D:/Programs/Unity/2020.3.28f1/Editor/Data/Managed'
Mono path[1] = 'D:/Programs/Unity/2020.3.28f1/Editor/Data/MonoBleedingEdge/lib/mono/unityjit'
Mono config path = 'D:/Programs/Unity/2020.3.28f1/Editor/Data/MonoBleedingEdge/etc'
Using monoOptions --debugger-agent=transport=dt_socket,embedding=1,server=y,suspend=n,address=127.0.0.1:56692
Begin MonoManager ReloadAssembly
Registering precompiled unity dll's ...
Register platform support module: D:/Programs/Unity/2020.3.28f1/Editor/Data/PlaybackEngines/WebGLSupport/UnityEditor.WebGL.Extensions.dll
Register platform support module: D:/Programs/Unity/2020.3.28f1/Editor/Data/PlaybackEngines/MacStandaloneSupport/UnityEditor.OSXStandalone.Extensions.dll
Register platform support module: D:/Programs/Unity/2020.3.28f1/Editor/Data/PlaybackEngines/WindowsStandaloneSupport/UnityEditor.WindowsStandalone.Extensions.dll
Register platform support module: D:/Programs/Unity/2020.3.28f1/Editor/Data/PlaybackEngines/LinuxStandaloneSupport/UnityEditor.LinuxStandalone.Extensions.dll
Register platform support module: D:/Programs/Unity/2020.3.28f1/Editor/Data/PlaybackEngines/LuminSupport/UnityEditor.Lumin.Extensions.dll
Registered in 0.001503 seconds.
Native extension for Lumin target not found
Native extension for LinuxStandalone target not found
Native extension for WindowsStandalone target not found
Native extension for OSXStandalone target not found
Native extension for WebGL target not found
Refreshing native plugins compatible for Editor in 41.33 ms, found 3 plugins.
Preloading 0 native plugins for Editor in 0.00 ms.
Mono: successfully reloaded assembly
- Completed reload, in  0.492 seconds
Domain Reload Profiling:
	ReloadAssembly (492ms)
		BeginReloadAssembly (47ms)
			ExecutionOrderSort (0ms)
			DisableScriptedObjects (0ms)
			BackupInstance (0ms)
			ReleaseScriptingObjects (0ms)
			CreateAndSetChildDomain (1ms)
		EndReloadAssembly (385ms)
			LoadAssemblies (47ms)
			RebuildTransferFunctionScriptingTraits (0ms)
			SetupTypeCache (127ms)
			ReleaseScriptCaches (0ms)
			RebuildScriptCaches (25ms)
			SetupLoadedEditorAssemblies (150ms)
				LogAssemblyErrors (0ms)
				InitializePlatformSupportModulesInManaged (6ms)
				SetLoadedEditorAssemblies (0ms)
				RefreshPlugins (41ms)
				BeforeProcessingInitializeOnLoad (14ms)
				ProcessInitializeOnLoadAttributes (66ms)
				ProcessInitializeOnLoadMethodAttributes (22ms)
				AfterProcessingInitializeOnLoad (0ms)
				EditorAssembliesLoaded (0ms)
			ExecutionOrderSort2 (0ms)
			AwakeInstancesAfterBackupRestoration (0ms)
Platform modules already initialized, skipping
Registering precompiled user dll's ...
Registered in 0.002688 seconds.
Begin MonoManager ReloadAssembly
Native extension for Lumin target not found
Native extension for LinuxStandalone target not found
Native extension for WindowsStandalone target not found
Native extension for OSXStandalone target not found
Native extension for WebGL target not found
Refreshing native plugins compatible for Editor in 41.30 ms, found 3 plugins.
Preloading 0 native plugins for Editor in 0.00 ms.
Mono: successfully reloaded assembly
- Completed reload, in  0.928 seconds
Domain Reload Profiling:
	ReloadAssembly (929ms)
		BeginReloadAssembly (121ms)
			ExecutionOrderSort (0ms)
			DisableScriptedObjects (4ms)
			BackupInstance (0ms)
			ReleaseScriptingObjects (0ms)
			CreateAndSetChildDomain (16ms)
		EndReloadAssembly (760ms)
			LoadAssemblies (75ms)
			RebuildTransferFunctionScriptingTraits (0ms)
			SetupTypeCache (258ms)
			ReleaseScriptCaches (0ms)
			RebuildScriptCaches (40ms)
			SetupLoadedEditorAssemblies (284ms)
				LogAssemblyErrors (0ms)
				InitializePlatformSupportModulesInManaged (5ms)
				SetLoadedEditorAssemblies (0ms)
				RefreshPlugins (41ms)
				BeforeProcessingInitializeOnLoad (69ms)
				ProcessInitializeOnLoadAttributes (155ms)
				ProcessInitializeOnLoadMethodAttributes (12ms)
				AfterProcessingInitializeOnLoad (2ms)
				EditorAssembliesLoaded (0ms)
			ExecutionOrderSort2 (0ms)
			AwakeInstancesAfterBackupRestoration (5ms)
Platform modules already initialized, skipping
========================================================================
Worker process is ready to serve import requests
Launched and connected shader compiler UnityShaderCompiler.exe after 0.05 seconds
Refreshing native plugins compatible for Editor in 0.47 ms, found 3 plugins.
Preloading 0 native plugins for Editor in 0.00 ms.
Unloading 2196 Unused Serialized files (Serialized files now loaded: 0)
System memory in use before: 95.9 MB.
System memory in use after: 95.8 MB.

Unloading 34 unused Assets to reduce memory usage. Loaded Objects now: 2623.
Total: 2.942800 ms (FindLiveObjects: 0.166500 ms CreateObjectMapping: 0.050400 ms MarkObjects: 2.572300 ms  DeleteObjects: 0.152400 ms)

AssetImportParameters requested are different than current active one (requested -> active):
  custom:framework-win-MediaFoundation: 216162199b28c13a410421893ffa2e32 -> 
  custom:video-decoder-ogg-theora: a1e56fd34408186e4bbccfd4996cb3dc -> 
  custom:container-muxer-webm: aa71ff27fc2769a1b78a27578f13a17b -> 
  custom:container-demuxer-webm: 4f35f7cbe854078d1ac9338744f61a02 -> 
  custom:container-demuxer-ogg: 62fdf1f143b41e24485cea50d1cbac27 -> 
  custom:video-encoder-webm-vp8: eb34c28f22e8b96e1ab97ce403110664 -> 
  custom:video-decoder-webm-vp8: 9c59270c3fd7afecdb556c50c9e8de78 -> 
  custom:audio-decoder-ogg-vorbis: bf7c407c2cedff20999df2af8eb42d56 -> 
  custom:audio-encoder-webm-vorbis: bf7c407c2cedff20999df2af8eb42d56 -> 
========================================================================
Received Import Request.
  path: Assets/2D Chess Graphic Pack V.2/Prefab/KnightWhite.prefab
  artifactKey: Guid(859db6d4b0ebea04bacfec99890f5887) Importer(815301076,1909f56bfc062723c751e8b465ee728b)
Start importing Assets/2D Chess Graphic Pack V.2/Prefab/KnightWhite.prefab using Guid(859db6d4b0ebea04bacfec99890f5887) Importer(815301076,1909f56bfc062723c751e8b465ee728b)  -> (artifact id: 'df4405a4aad7d70402ad4d5bb9946dd2') in 0.080217 seconds 
  Import took 0.083195 seconds .

========================================================================
Received Import Request.
  Time since last request: 0.000159 seconds.
  path: Assets/2D Chess Graphic Pack V.2/Prefab/BishopWhite.prefab
  artifactKey: Guid(dfd134d5352f2f04a824fc05286efa8f) Importer(815301076,1909f56bfc062723c751e8b465ee728b)
Start importing Assets/2D Chess Graphic Pack V.2/Prefab/BishopWhite.prefab using Guid(dfd134d5352f2f04a824fc05286efa8f) Importer(815301076,1909f56bfc062723c751e8b465ee728b)  -> (artifact id: '58da7f2eed3175bbf6d28ea885849a51') in 0.010549 seconds 
  Import took 0.013447 seconds .

========================================================================
Received Import Request.
  Time since last request: 0.000208 seconds.
  path: Assets/2D Chess Graphic Pack V.2/Prefab/RookBlack.prefab
  artifactKey: Guid(2ad2779edc828984f8659e48ffef16c6) Importer(815301076,1909f56bfc062723c751e8b465ee728b)
Start importing Assets/2D Chess Graphic Pack V.2/Prefab/RookBlack.prefab using Guid(2ad2779edc828984f8659e48ffef16c6) Importer(815301076,1909f56bfc062723c751e8b465ee728b)  -> (artifact id: '8917a8c011e35ad43a76cc30f4e9f4d8') in 0.009899 seconds 
  Import took 0.012830 seconds .

========================================================================
Received Import Request.
  Time since last request: 0.000163 seconds.
  path: Assets/2D Chess Graphic Pack V.2/Prefab/RookWhite.prefab
  artifactKey: Guid(076d1293c3d094441a7689cbcf3024ca) Importer(815301076,1909f56bfc062723c751e8b465ee728b)
Start importing Assets/2D Chess Graphic Pack V.2/Prefab/RookWhite.prefab using Guid(076d1293c3d094441a7689cbcf3024ca) Importer(815301076,1909f56bfc062723c751e8b465ee728b)  -> (artifact id: '38250ad3b3582c6805e2a84f2470de71') in 0.009033 seconds 
  Import took 0.011979 seconds .

========================================================================
Received Import Request.
  Time since last request: 0.000233 seconds.
  path: Assets/2D Chess Graphic Pack V.2/Prefab/KingBlack.prefab
  artifactKey: Guid(3d11a91f497423349a65aa8c7e17cada) Importer(815301076,1909f56bfc062723c751e8b465ee728b)
Start importing Assets/2D Chess Graphic Pack V.2/Prefab/KingBlack.prefab using Guid(3d11a91f497423349a65aa8c7e17cada) Importer(815301076,1909f56bfc062723c751e8b465ee728b)  -> (artifact id: 'd96b9583ac0e1c1c8800b7216dad971c') in 0.010078 seconds 
  Import took 0.013523 seconds .

========================================================================
Received Import Request.
  Time since last request: 0.000131 seconds.
  path: Assets/2D Chess Graphic Pack V.2/Prefab/KingWhite.prefab
  artifactKey: Guid(9371e1ff2037e6347b977860cac9beb2) Importer(815301076,1909f56bfc062723c751e8b465ee728b)
Start importing Assets/2D Chess Graphic Pack V.2/Prefab/KingWhite.prefab using Guid(9371e1ff2037e6347b977860cac9beb2) Importer(815301076,1909f56bfc062723c751e8b465ee728b)  -> (artifact id: '179f1111fe3e23841fec55f3b2bb50d9') in 0.009595 seconds 
  Import took 0.012694 seconds .

========================================================================
Received Import Request.
  Time since last request: 0.000158 seconds.
  path: Assets/2D Chess Graphic Pack V.2/Prefab/PawnBlack.prefab
  artifactKey: Guid(8bfc3747f5331494b9e2514b0558a8b1) Importer(815301076,1909f56bfc062723c751e8b465ee728b)
Start importing Assets/2D Chess Graphic Pack V.2/Prefab/PawnBlack.prefab using Guid(8bfc3747f5331494b9e2514b0558a8b1) Importer(815301076,1909f56bfc062723c751e8b465ee728b)  -> (artifact id: '14d86100e242502a204c1d1b067d09b7') in 0.008915 seconds 
  Import took 0.012079 seconds .

========================================================================
Received Import Request.
  Time since last request: 0.000128 seconds.
  path: Assets/2D Chess Graphic Pack V.2/Prefab/QueenWhite.prefab
  artifactKey: Guid(602095b0ef3cc1a4fa4ae2d01e734f89) Importer(815301076,1909f56bfc062723c751e8b465ee728b)
Start importing Assets/2D Chess Graphic Pack V.2/Prefab/QueenWhite.prefab using Guid(602095b0ef3cc1a4fa4ae2d01e734f89) Importer(815301076,1909f56bfc062723c751e8b465ee728b)  -> (artifact id: '039c9f7a69795c514c883e7fa69b468e') in 0.009865 seconds 
  Import took 0.012748 seconds .

========================================================================
Received Import Request.
  Time since last request: 0.000243 seconds.
  path: Assets/2D Chess Graphic Pack V.2/Prefab/PawnWhite.prefab
  artifactKey: Guid(5f602aa0f5f98554da2e90d0a93cc967) Importer(815301076,1909f56bfc062723c751e8b465ee728b)
Start importing Assets/2D Chess Graphic Pack V.2/Prefab/PawnWhite.prefab using Guid(5f602aa0f5f98554da2e90d0a93cc967) Importer(815301076,1909f56bfc062723c751e8b465ee728b)  -> (artifact id: 'e475fa7351200e24ec0b34f3059d59ca') in 0.008879 seconds 
  Import took 0.011622 seconds .

========================================================================
Received Import Request.
  Time since last request: 0.000164 seconds.
  path: Assets/2D Chess Graphic Pack V.2/Prefab/BishopBlack.prefab
  artifactKey: Guid(8325fb1d350c3a84eb58bfe7c8e0ba19) Importer(815301076,1909f56bfc062723c751e8b465ee728b)
Start importing Assets/2D Chess Graphic Pack V.2/Prefab/BishopBlack.prefab using Guid(8325fb1d350c3a84eb58bfe7c8e0ba19) Importer(815301076,1909f56bfc062723c751e8b465ee728b)  -> (artifact id: 'e19e264a3013eb468e5b32fac56a8bf7') in 0.009910 seconds 
  Import took 0.012938 seconds .

========================================================================
Received Import Request.
  Time since last request: 0.000140 seconds.
  path: Assets/2D Chess Graphic Pack V.2/Prefab/KnightBlack.prefab
  artifactKey: Guid(321105fb5deca3c4f82f1943fd07b265) Importer(815301076,1909f56bfc062723c751e8b465ee728b)
Start importing Assets/2D Chess Graphic Pack V.2/Prefab/KnightBlack.prefab using Guid(321105fb5deca3c4f82f1943fd07b265) Importer(815301076,1909f56bfc062723c751e8b465ee728b)  -> (artifact id: 'aa34f168b6cb612ab45fadbea7d2e265') in 0.008780 seconds 
  Import took 0.011655 seconds .

========================================================================
Received Import Request.
  Time since last request: 0.000175 seconds.
  path: Assets/2D Chess Graphic Pack V.2/Prefab
  artifactKey: Guid(65c309f5bde5c2f439abc0a2847da315) Importer(815301076,1909f56bfc062723c751e8b465ee728b)
Start importing Assets/2D Chess Graphic Pack V.2/Prefab using Guid(65c309f5bde5c2f439abc0a2847da315) Importer(815301076,1909f56bfc062723c751e8b465ee728b)  -> (artifact id: '8b5df74b25666892013cf602b075cb78') in 0.004367 seconds 
  Import took 0.007243 seconds .

========================================================================
Received Import Request.
  Time since last request: 0.000169 seconds.
  path: Assets/2D Chess Graphic Pack V.2/Prefab/QueenBlack.prefab
  artifactKey: Guid(9ae719d4ba33e6b439a6c607b4a4503c) Importer(815301076,1909f56bfc062723c751e8b465ee728b)
Start importing Assets/2D Chess Graphic Pack V.2/Prefab/QueenBlack.prefab using Guid(9ae719d4ba33e6b439a6c607b4a4503c) Importer(815301076,1909f56bfc062723c751e8b465ee728b)  -> (artifact id: 'df234d98135a1d4bf4150e6124377366') in 0.010044 seconds 
  Import took 0.013163 seconds .

========================================================================
Received Import Request.
  Time since last request: 16.968536 seconds.
  path: Assets/2D Chess Graphic Pack V.2/Sprite/Background
  artifactKey: Guid(3982e533f3480c748be119a61485d2e7) Importer(815301076,1909f56bfc062723c751e8b465ee728b)
Start importing Assets/2D Chess Graphic Pack V.2/Sprite/Background using Guid(3982e533f3480c748be119a61485d2e7) Importer(815301076,1909f56bfc062723c751e8b465ee728b)  -> (artifact id: '2be4c9338b685a1ea59d7ae211febd4d') in 0.004917 seconds 
  Import took 0.008049 seconds .

========================================================================
Received Import Request.
  Time since last request: 0.058379 seconds.
  path: Assets/2D Chess Graphic Pack V.2/Sprite/Background/Field.png
  artifactKey: Guid(4e27eae426a0eb340a139e71209f68a1) Importer(815301076,1909f56bfc062723c751e8b465ee728b)
Start importing Assets/2D Chess Graphic Pack V.2/Sprite/Background/Field.png using Guid(4e27eae426a0eb340a139e71209f68a1) Importer(815301076,1909f56bfc062723c751e8b465ee728b)  -> (artifact id: 'd1cc7caf95171ddd9512d13b2cd30eaa') in 0.061898 seconds 
  Import took 0.065315 seconds .

========================================================================
Received Import Request.
  Time since last request: 4.941039 seconds.
  path: Assets/2D Chess Graphic Pack V.2/Sprite/Character/BishopBlack.png
  artifactKey: Guid(7c657c1dfc98ff44db344c8828898610) Importer(815301076,1909f56bfc062723c751e8b465ee728b)
Start importing Assets/2D Chess Graphic Pack V.2/Sprite/Character/BishopBlack.png using Guid(7c657c1dfc98ff44db344c8828898610) Importer(815301076,1909f56bfc062723c751e8b465ee728b)  -> (artifact id: '14ae1208585776a36297f6dbff1f26f1') in 0.012018 seconds 
  Import took 0.015142 seconds .

========================================================================
Received Import Request.
  Time since last request: 0.000172 seconds.
  path: Assets/2D Chess Graphic Pack V.2/Sprite/Character/KingBlack.png
  artifactKey: Guid(c73e9136b814f2e4f93461c769339532) Importer(815301076,1909f56bfc062723c751e8b465ee728b)
Start importing Assets/2D Chess Graphic Pack V.2/Sprite/Character/KingBlack.png using Guid(c73e9136b814f2e4f93461c769339532) Importer(815301076,1909f56bfc062723c751e8b465ee728b)  -> (artifact id: '7e827ba139062d4ff1c02bdcc25110b4') in 0.010680 seconds 
  Import took 0.013491 seconds .

========================================================================
Received Import Request.
  Time since last request: 0.000144 seconds.
  path: Assets/2D Chess Graphic Pack V.2/Sprite/Character/KnightBlack.png
  artifactKey: Guid(4214b65bd5a2fa94bab0aadf29c60b6e) Importer(815301076,1909f56bfc062723c751e8b465ee728b)
Start importing Assets/2D Chess Graphic Pack V.2/Sprite/Character/KnightBlack.png using Guid(4214b65bd5a2fa94bab0aadf29c60b6e) Importer(815301076,1909f56bfc062723c751e8b465ee728b)  -> (artifact id: '969ee25f836c8c88b0bbad6b6c065127') in 0.010141 seconds 
  Import took 0.012674 seconds .

========================================================================
Received Import Request.
  Time since last request: 0.000145 seconds.
  path: Assets/2D Chess Graphic Pack V.2/Sprite/Character/QueenWhite.png
  artifactKey: Guid(abd680b0d20727f45a97efbe60052800) Importer(815301076,1909f56bfc062723c751e8b465ee728b)
Start importing Assets/2D Chess Graphic Pack V.2/Sprite/Character/QueenWhite.png using Guid(abd680b0d20727f45a97efbe60052800) Importer(815301076,1909f56bfc062723c751e8b465ee728b)  -> (artifact id: 'b365b00b701b82d6c7a4bbc94594d05d') in 0.009684 seconds 
  Import took 0.012646 seconds .

========================================================================
Received Import Request.
  Time since last request: 0.000157 seconds.
  path: Assets/2D Chess Graphic Pack V.2/Sprite/Character/RookBlack.png
  artifactKey: Guid(ba287e8e6673a034e876459f5bb43a82) Importer(815301076,1909f56bfc062723c751e8b465ee728b)
Start importing Assets/2D Chess Graphic Pack V.2/Sprite/Character/RookBlack.png using Guid(ba287e8e6673a034e876459f5bb43a82) Importer(815301076,1909f56bfc062723c751e8b465ee728b)  -> (artifact id: 'b7d8597f3257d5038519e15fc66ec9b0') in 0.012126 seconds 
  Import took 0.014753 seconds .

========================================================================
Received Import Request.
  Time since last request: 0.000196 seconds.
  path: Assets/2D Chess Graphic Pack V.2/Sprite/Character/KnightWhite.png
  artifactKey: Guid(902049cd66cbe3548a1713f37aa6c9d2) Importer(815301076,1909f56bfc062723c751e8b465ee728b)
Start importing Assets/2D Chess Graphic Pack V.2/Sprite/Character/KnightWhite.png using Guid(902049cd66cbe3548a1713f37aa6c9d2) Importer(815301076,1909f56bfc062723c751e8b465ee728b)  -> (artifact id: '29b6c5c44916b25c04f460729feb1f0e') in 0.014772 seconds 
  Import took 0.017896 seconds .

========================================================================
Received Import Request.
  Time since last request: 0.000158 seconds.
  path: Assets/2D Chess Graphic Pack V.2/Sprite/Character/PawnBlack.png
  artifactKey: Guid(482302a97551e63439941e3cd756d13d) Importer(815301076,1909f56bfc062723c751e8b465ee728b)
Start importing Assets/2D Chess Graphic Pack V.2/Sprite/Character/PawnBlack.png using Guid(482302a97551e63439941e3cd756d13d) Importer(815301076,1909f56bfc062723c751e8b465ee728b)  -> (artifact id: 'a8da97456d6be8f40047b5ba7ab8b4d3') in 0.012105 seconds 
  Import took 0.014848 seconds .

========================================================================
Received Import Request.
  Time since last request: 0.000152 seconds.
  path: Assets/2D Chess Graphic Pack V.2/Sprite/Character/BishopWhite.png
  artifactKey: Guid(e611744b1c310bf4892909ca2bf62568) Importer(815301076,1909f56bfc062723c751e8b465ee728b)
Start importing Assets/2D Chess Graphic Pack V.2/Sprite/Character/BishopWhite.png using Guid(e611744b1c310bf4892909ca2bf62568) Importer(815301076,1909f56bfc062723c751e8b465ee728b)  -> (artifact id: '18edcd3fe65f0fea9f6c772ec1356b62') in 0.010593 seconds 
  Import took 0.013536 seconds .

========================================================================
Received Import Request.
  Time since last request: 0.000159 seconds.
  path: Assets/2D Chess Graphic Pack V.2/Sprite/Character/QueenBlack.png
  artifactKey: Guid(7d32a178a3465fc48b5106fbc5367036) Importer(815301076,1909f56bfc062723c751e8b465ee728b)
Start importing Assets/2D Chess Graphic Pack V.2/Sprite/Character/QueenBlack.png using Guid(7d32a178a3465fc48b5106fbc5367036) Importer(815301076,1909f56bfc062723c751e8b465ee728b)  -> (artifact id: '6f75e5b27ad1871b6eae83fa1272eb5d') in 0.010832 seconds 
  Import took 0.013631 seconds .

========================================================================
Received Import Request.
  Time since last request: 0.000153 seconds.
  path: Assets/2D Chess Graphic Pack V.2/Sprite/Character/KingWhite.png
  artifactKey: Guid(21f531086a3f102439ceaeb367e6b5f4) Importer(815301076,1909f56bfc062723c751e8b465ee728b)
Start importing Assets/2D Chess Graphic Pack V.2/Sprite/Character/KingWhite.png using Guid(21f531086a3f102439ceaeb367e6b5f4) Importer(815301076,1909f56bfc062723c751e8b465ee728b)  -> (artifact id: 'd648908dd44e27cc3594ecbf24c42659') in 0.011433 seconds 
  Import took 0.014015 seconds .

========================================================================
Received Import Request.
  Time since last request: 0.000145 seconds.
  path: Assets/2D Chess Graphic Pack V.2/Sprite/Character/RookWhite.png
  artifactKey: Guid(a460b5da923524d4fb7fde422cb9d4da) Importer(815301076,1909f56bfc062723c751e8b465ee728b)
Start importing Assets/2D Chess Graphic Pack V.2/Sprite/Character/RookWhite.png using Guid(a460b5da923524d4fb7fde422cb9d4da) Importer(815301076,1909f56bfc062723c751e8b465ee728b)  -> (artifact id: '32b4ce5f187ef6765d3ccd34192912f8') in 0.009774 seconds 
  Import took 0.012331 seconds .

========================================================================
Received Import Request.
  Time since last request: 0.000142 seconds.
  path: Assets/2D Chess Graphic Pack V.2/Sprite/Character/PawnWhite.png
  artifactKey: Guid(7fdc4510f63147444b8887e1eb34ffa5) Importer(815301076,1909f56bfc062723c751e8b465ee728b)
Start importing Assets/2D Chess Graphic Pack V.2/Sprite/Character/PawnWhite.png using Guid(7fdc4510f63147444b8887e1eb34ffa5) Importer(815301076,1909f56bfc062723c751e8b465ee728b)  -> (artifact id: '4e4e79f94eb7375000689e3b7cc11523') in 0.009493 seconds 
  Import took 0.012128 seconds .

========================================================================
Received Import Request.
  Time since last request: 5.634748 seconds.
  path: Assets/2D Chess Graphic Pack V.2/Original File/Character.psd
  artifactKey: Guid(6228b64287c86e745af3ace646a0d088) Importer(815301076,1909f56bfc062723c751e8b465ee728b)
Start importing Assets/2D Chess Graphic Pack V.2/Original File/Character.psd using Guid(6228b64287c86e745af3ace646a0d088) Importer(815301076,1909f56bfc062723c751e8b465ee728b)  -> (artifact id: '19aa907660ea89e633e2875a6c2f83df') in 0.013817 seconds 
  Import took 0.017535 seconds .

========================================================================
Received Import Request.
  Time since last request: 0.000152 seconds.
  path: Assets/2D Chess Graphic Pack V.2/Original File/Field.psd
  artifactKey: Guid(cf19f1f038249634e9d4683b19897b3a) Importer(815301076,1909f56bfc062723c751e8b465ee728b)
Start importing Assets/2D Chess Graphic Pack V.2/Original File/Field.psd using Guid(cf19f1f038249634e9d4683b19897b3a) Importer(815301076,1909f56bfc062723c751e8b465ee728b)  -> (artifact id: '0f87ba2e10f11a20befec8f2fe25f7d6') in 0.014005 seconds 
  Import took 0.016521 seconds .

========================================================================
Received Import Request.
  Time since last request: 31.020833 seconds.
  path: Assets/2D Chess Graphic Pack V.2
  artifactKey: Guid(c768f61f729a691489621eb9890f8715) Importer(815301076,1909f56bfc062723c751e8b465ee728b)
Start importing Assets/2D Chess Graphic Pack V.2 using Guid(c768f61f729a691489621eb9890f8715) Importer(815301076,1909f56bfc062723c751e8b465ee728b)  -> (artifact id: '19de58144ef3f637952c7fac063aa1f6') in 0.004548 seconds 
  Import took 0.007522 seconds .

========================================================================
Received Import Request.
  Time since last request: 0.840322 seconds.
  path: Assets
  artifactKey: Guid(00000000000000001000000000000000) Importer(815301076,1909f56bfc062723c751e8b465ee728b)
Start importing Assets using Guid(00000000000000001000000000000000) Importer(815301076,1909f56bfc062723c751e8b465ee728b)  -> (artifact id: '42d402b061de3733987d63b9cc3b64de') in 0.005224 seconds 
  Import took 0.008197 seconds .

========================================================================
Received Import Request.
  Time since last request: 8.066865 seconds.
  path: Assets/Scripts
  artifactKey: Guid(5873e1b0064e7b34ea689a2d6bcef479) Importer(815301076,1909f56bfc062723c751e8b465ee728b)
Start importing Assets/Scripts using Guid(5873e1b0064e7b34ea689a2d6bcef479) Importer(815301076,1909f56bfc062723c751e8b465ee728b)  -> (artifact id: 'dbceb2c1b86c0c0041c13c89b305b2d9') in 0.004750 seconds 
  Import took 0.008493 seconds .

========================================================================
Received Import Request.
  Time since last request: 17.962910 seconds.
  path: Assets/Prefabs
  artifactKey: Guid(08ffe5fe697c09d48bf762e14a3f3e36) Importer(815301076,1909f56bfc062723c751e8b465ee728b)
Start importing Assets/Prefabs using Guid(08ffe5fe697c09d48bf762e14a3f3e36) Importer(815301076,1909f56bfc062723c751e8b465ee728b)  -> (artifact id: 'c5aecdca43f096e4b845438d56be0f27') in 0.004825 seconds 
  Import took 0.007898 seconds .

========================================================================
Received Import Request.
  Time since last request: 12.322444 seconds.
  path: Assets/New Folder
  artifactKey: Guid(add1c8ee2a224224d9fcf639f2930b9c) Importer(815301076,1909f56bfc062723c751e8b465ee728b)
Start importing Assets/New Folder using Guid(add1c8ee2a224224d9fcf639f2930b9c) Importer(815301076,1909f56bfc062723c751e8b465ee728b)  -> (artifact id: '8e61be0fadf606fd9df9500f88a15297') in 0.004860 seconds 
  Import took 0.008010 seconds .

========================================================================
Received Import Request.
  Time since last request: 2.680004 seconds.
  path: Assets/2D Chess Graphic Pack V.2/Sprite
  artifactKey: Guid(b6d16712c3669a54ba8749a5030ce86a) Importer(815301076,1909f56bfc062723c751e8b465ee728b)
Start importing Assets/2D Chess Graphic Pack V.2/Sprite using Guid(b6d16712c3669a54ba8749a5030ce86a) Importer(815301076,1909f56bfc062723c751e8b465ee728b)  -> (artifact id: 'd359aafbbe408e05fe5e756c7e6a2ca1') in 0.004329 seconds 
  Import took 0.007352 seconds .

========================================================================
Received Import Request.
  Time since last request: 12.492099 seconds.
  path: Assets/Sprites
  artifactKey: Guid(add1c8ee2a224224d9fcf639f2930b9c) Importer(815301076,1909f56bfc062723c751e8b465ee728b)
Start importing Assets/Sprites using Guid(add1c8ee2a224224d9fcf639f2930b9c) Importer(815301076,1909f56bfc062723c751e8b465ee728b)  -> (artifact id: 'b54e6567d82d1376fc3936930513a063') in 0.004353 seconds 
  Import took 0.007612 seconds .

========================================================================
Received Import Request.
  Time since last request: 41.663548 seconds.
  path: Assets/2D Chess Graphic Pack V.2/Scene/Demo.unity
  artifactKey: Guid(618c301482dd52b499a3007c01ca2523) Importer(815301076,1909f56bfc062723c751e8b465ee728b)
Start importing Assets/2D Chess Graphic Pack V.2/Scene/Demo.unity using Guid(618c301482dd52b499a3007c01ca2523) Importer(815301076,1909f56bfc062723c751e8b465ee728b)  -> (artifact id: '99695a2aa9c5ce9c2714943208e3de38') in 0.004824 seconds 
  Import took 0.008322 seconds .

========================================================================
Received Import Request.
  Time since last request: 9.274432 seconds.
  path: Assets/Scenes/SampleScene.unity
  artifactKey: Guid(2cda990e2423bbf4892e6590ba056729) Importer(815301076,1909f56bfc062723c751e8b465ee728b)
Start importing Assets/Scenes/SampleScene.unity using Guid(2cda990e2423bbf4892e6590ba056729) Importer(815301076,1909f56bfc062723c751e8b465ee728b)  -> (artifact id: '1333ee985c8b405feb81c7cbd2e221fc') in 0.004477 seconds 
  Import took 0.007613 seconds .

========================================================================
Received Import Request.
  Time since last request: 5.182269 seconds.
  path: Assets/2D Chess Graphic Pack V.2/Scene/DemoSettings.lighting
  artifactKey: Guid(567092fd0617a5c4b8cbd656d74214c3) Importer(815301076,1909f56bfc062723c751e8b465ee728b)
Start importing Assets/2D Chess Graphic Pack V.2/Scene/DemoSettings.lighting using Guid(567092fd0617a5c4b8cbd656d74214c3) Importer(815301076,1909f56bfc062723c751e8b465ee728b) LightingSettings: switching bake backend from 1 to 0.
 -> (artifact id: '0dfebde038fdd0df5c40b497520402c8') in 0.006216 seconds 
  Import took 0.009372 seconds .

========================================================================
Received Prepare
Registering precompiled user dll's ...
Registered in 0.002376 seconds.
Begin MonoManager ReloadAssembly
Native extension for Lumin target not found
Native extension for LinuxStandalone target not found
Native extension for WindowsStandalone target not found
Native extension for OSXStandalone target not found
Native extension for WebGL target not found
Refreshing native plugins compatible for Editor in 0.47 ms, found 3 plugins.
Preloading 0 native plugins for Editor in 0.00 ms.
Mono: successfully reloaded assembly
- Completed reload, in  0.811 seconds
Domain Reload Profiling:
	ReloadAssembly (812ms)
		BeginReloadAssembly (93ms)
			ExecutionOrderSort (0ms)
			DisableScriptedObjects (5ms)
			BackupInstance (0ms)
			ReleaseScriptingObjects (0ms)
			CreateAndSetChildDomain (30ms)
		EndReloadAssembly (671ms)
			LoadAssemblies (72ms)
			RebuildTransferFunctionScriptingTraits (0ms)
			SetupTypeCache (245ms)
			ReleaseScriptCaches (1ms)
			RebuildScriptCaches (36ms)
			SetupLoadedEditorAssemblies (239ms)
				LogAssemblyErrors (0ms)
				InitializePlatformSupportModulesInManaged (6ms)
				SetLoadedEditorAssemblies (0ms)
				RefreshPlugins (1ms)
				BeforeProcessingInitializeOnLoad (65ms)
				ProcessInitializeOnLoadAttributes (157ms)
				ProcessInitializeOnLoadMethodAttributes (8ms)
				AfterProcessingInitializeOnLoad (2ms)
				EditorAssembliesLoaded (0ms)
			ExecutionOrderSort2 (0ms)
			AwakeInstancesAfterBackupRestoration (7ms)
Platform modules already initialized, skipping
Refreshing native plugins compatible for Editor in 0.41 ms, found 3 plugins.
Preloading 0 native plugins for Editor in 0.00 ms.
Unloading 2191 Unused Serialized files (Serialized files now loaded: 0)
System memory in use before: 99.0 MB.
System memory in use after: 99.0 MB.

Unloading 23 unused Assets to reduce memory usage. Loaded Objects now: 2656.
Total: 2.970400 ms (FindLiveObjects: 0.180700 ms CreateObjectMapping: 0.058600 ms MarkObjects: 2.619300 ms  DeleteObjects: 0.110900 ms)

AssetImportParameters requested are different than current active one (requested -> active):
  custom:framework-win-MediaFoundation: 216162199b28c13a410421893ffa2e32 -> 
  custom:video-decoder-ogg-theora: a1e56fd34408186e4bbccfd4996cb3dc -> 
  custom:container-muxer-webm: aa71ff27fc2769a1b78a27578f13a17b -> 
  custom:container-demuxer-webm: 4f35f7cbe854078d1ac9338744f61a02 -> 
  custom:container-demuxer-ogg: 62fdf1f143b41e24485cea50d1cbac27 -> 
  custom:video-encoder-webm-vp8: eb34c28f22e8b96e1ab97ce403110664 -> 
  custom:video-decoder-webm-vp8: 9c59270c3fd7afecdb556c50c9e8de78 -> 
  custom:audio-decoder-ogg-vorbis: bf7c407c2cedff20999df2af8eb42d56 -> 
  custom:audio-encoder-webm-vorbis: bf7c407c2cedff20999df2af8eb42d56 -> 
========================================================================
Received Prepare
Registering precompiled user dll's ...
Registered in 0.002422 seconds.
Begin MonoManager ReloadAssembly
Native extension for Lumin target not found
Native extension for LinuxStandalone target not found
Native extension for WindowsStandalone target not found
Native extension for OSXStandalone target not found
Native extension for WebGL target not found
Refreshing native plugins compatible for Editor in 0.49 ms, found 3 plugins.
Preloading 0 native plugins for Editor in 0.00 ms.
Mono: successfully reloaded assembly
- Completed reload, in  0.822 seconds
Domain Reload Profiling:
	ReloadAssembly (822ms)
		BeginReloadAssembly (92ms)
			ExecutionOrderSort (0ms)
			DisableScriptedObjects (5ms)
			BackupInstance (0ms)
			ReleaseScriptingObjects (0ms)
			CreateAndSetChildDomain (30ms)
		EndReloadAssembly (681ms)
			LoadAssemblies (73ms)
			RebuildTransferFunctionScriptingTraits (0ms)
			SetupTypeCache (249ms)
			ReleaseScriptCaches (1ms)
			RebuildScriptCaches (36ms)
			SetupLoadedEditorAssemblies (241ms)
				LogAssemblyErrors (0ms)
				InitializePlatformSupportModulesInManaged (6ms)
				SetLoadedEditorAssemblies (0ms)
				RefreshPlugins (1ms)
				BeforeProcessingInitializeOnLoad (64ms)
				ProcessInitializeOnLoadAttributes (159ms)
				ProcessInitializeOnLoadMethodAttributes (10ms)
				AfterProcessingInitializeOnLoad (2ms)
				EditorAssembliesLoaded (0ms)
			ExecutionOrderSort2 (0ms)
			AwakeInstancesAfterBackupRestoration (8ms)
Platform modules already initialized, skipping
Refreshing native plugins compatible for Editor in 0.47 ms, found 3 plugins.
Preloading 0 native plugins for Editor in 0.00 ms.
Unloading 2191 Unused Serialized files (Serialized files now loaded: 0)
System memory in use before: 99.1 MB.
System memory in use after: 99.0 MB.

Unloading 23 unused Assets to reduce memory usage. Loaded Objects now: 2658.
Total: 3.008500 ms (FindLiveObjects: 0.162000 ms CreateObjectMapping: 0.049600 ms MarkObjects: 2.685900 ms  DeleteObjects: 0.110400 ms)

AssetImportParameters requested are different than current active one (requested -> active):
  custom:framework-win-MediaFoundation: 216162199b28c13a410421893ffa2e32 -> 
  custom:video-decoder-ogg-theora: a1e56fd34408186e4bbccfd4996cb3dc -> 
  custom:container-muxer-webm: aa71ff27fc2769a1b78a27578f13a17b -> 
  custom:container-demuxer-webm: 4f35f7cbe854078d1ac9338744f61a02 -> 
  custom:container-demuxer-ogg: 62fdf1f143b41e24485cea50d1cbac27 -> 
  custom:video-encoder-webm-vp8: eb34c28f22e8b96e1ab97ce403110664 -> 
  custom:video-decoder-webm-vp8: 9c59270c3fd7afecdb556c50c9e8de78 -> 
  custom:audio-decoder-ogg-vorbis: bf7c407c2cedff20999df2af8eb42d56 -> 
  custom:audio-encoder-webm-vorbis: bf7c407c2cedff20999df2af8eb42d56 -> 
========================================================================
Received Prepare
Registering precompiled user dll's ...
Registered in 0.002408 seconds.
Begin MonoManager ReloadAssembly
Native extension for Lumin target not found
Native extension for LinuxStandalone target not found
Native extension for WindowsStandalone target not found
Native extension for OSXStandalone target not found
Native extension for WebGL target not found
Refreshing native plugins compatible for Editor in 0.49 ms, found 3 plugins.
Preloading 0 native plugins for Editor in 0.00 ms.
Mono: successfully reloaded assembly
- Completed reload, in  0.811 seconds
Domain Reload Profiling:
	ReloadAssembly (811ms)
		BeginReloadAssembly (89ms)
			ExecutionOrderSort (0ms)
			DisableScriptedObjects (5ms)
			BackupInstance (0ms)
			ReleaseScriptingObjects (0ms)
			CreateAndSetChildDomain (29ms)
		EndReloadAssembly (674ms)
			LoadAssemblies (71ms)
			RebuildTransferFunctionScriptingTraits (0ms)
			SetupTypeCache (244ms)
			ReleaseScriptCaches (1ms)
			RebuildScriptCaches (35ms)
			SetupLoadedEditorAssemblies (245ms)
				LogAssemblyErrors (0ms)
				InitializePlatformSupportModulesInManaged (5ms)
				SetLoadedEditorAssemblies (0ms)
				RefreshPlugins (1ms)
				BeforeProcessingInitializeOnLoad (64ms)
				ProcessInitializeOnLoadAttributes (165ms)
				ProcessInitializeOnLoadMethodAttributes (8ms)
				AfterProcessingInitializeOnLoad (2ms)
				EditorAssembliesLoaded (0ms)
			ExecutionOrderSort2 (0ms)
			AwakeInstancesAfterBackupRestoration (7ms)
Platform modules already initialized, skipping
Refreshing native plugins compatible for Editor in 0.46 ms, found 3 plugins.
Preloading 0 native plugins for Editor in 0.00 ms.
Unloading 2191 Unused Serialized files (Serialized files now loaded: 0)
System memory in use before: 99.1 MB.
System memory in use after: 99.1 MB.

Unloading 23 unused Assets to reduce memory usage. Loaded Objects now: 2660.
Total: 2.851500 ms (FindLiveObjects: 0.171300 ms CreateObjectMapping: 0.060600 ms MarkObjects: 2.514700 ms  DeleteObjects: 0.104300 ms)

AssetImportParameters requested are different than current active one (requested -> active):
  custom:framework-win-MediaFoundation: 216162199b28c13a410421893ffa2e32 -> 
  custom:video-decoder-ogg-theora: a1e56fd34408186e4bbccfd4996cb3dc -> 
  custom:container-muxer-webm: aa71ff27fc2769a1b78a27578f13a17b -> 
  custom:container-demuxer-webm: 4f35f7cbe854078d1ac9338744f61a02 -> 
  custom:container-demuxer-ogg: 62fdf1f143b41e24485cea50d1cbac27 -> 
  custom:video-encoder-webm-vp8: eb34c28f22e8b96e1ab97ce403110664 -> 
  custom:video-decoder-webm-vp8: 9c59270c3fd7afecdb556c50c9e8de78 -> 
  custom:audio-decoder-ogg-vorbis: bf7c407c2cedff20999df2af8eb42d56 -> 
  custom:audio-encoder-webm-vorbis: bf7c407c2cedff20999df2af8eb42d56 -> 
========================================================================
Received Prepare
Registering precompiled user dll's ...
Registered in 0.002408 seconds.
Begin MonoManager ReloadAssembly
Native extension for Lumin target not found
Native extension for LinuxStandalone target not found
Native extension for WindowsStandalone target not found
Native extension for OSXStandalone target not found
Native extension for WebGL target not found
Refreshing native plugins compatible for Editor in 0.49 ms, found 3 plugins.
Preloading 0 native plugins for Editor in 0.00 ms.
Mono: successfully reloaded assembly
- Completed reload, in  0.805 seconds
Domain Reload Profiling:
	ReloadAssembly (805ms)
		BeginReloadAssembly (89ms)
			ExecutionOrderSort (0ms)
			DisableScriptedObjects (5ms)
			BackupInstance (0ms)
			ReleaseScriptingObjects (0ms)
			CreateAndSetChildDomain (28ms)
		EndReloadAssembly (669ms)
			LoadAssemblies (71ms)
			RebuildTransferFunctionScriptingTraits (0ms)
			SetupTypeCache (243ms)
			ReleaseScriptCaches (1ms)
			RebuildScriptCaches (36ms)
			SetupLoadedEditorAssemblies (241ms)
				LogAssemblyErrors (0ms)
				InitializePlatformSupportModulesInManaged (5ms)
				SetLoadedEditorAssemblies (0ms)
				RefreshPlugins (1ms)
				BeforeProcessingInitializeOnLoad (62ms)
				ProcessInitializeOnLoadAttributes (161ms)
				ProcessInitializeOnLoadMethodAttributes (9ms)
				AfterProcessingInitializeOnLoad (2ms)
				EditorAssembliesLoaded (0ms)
			ExecutionOrderSort2 (0ms)
			AwakeInstancesAfterBackupRestoration (7ms)
Platform modules already initialized, skipping
Refreshing native plugins compatible for Editor in 0.46 ms, found 3 plugins.
Preloading 0 native plugins for Editor in 0.00 ms.
Unloading 2191 Unused Serialized files (Serialized files now loaded: 0)
System memory in use before: 99.1 MB.
System memory in use after: 99.1 MB.

Unloading 23 unused Assets to reduce memory usage. Loaded Objects now: 2662.
Total: 2.973800 ms (FindLiveObjects: 0.175500 ms CreateObjectMapping: 0.059400 ms MarkObjects: 2.627000 ms  DeleteObjects: 0.111200 ms)

AssetImportParameters requested are different than current active one (requested -> active):
  custom:framework-win-MediaFoundation: 216162199b28c13a410421893ffa2e32 -> 
  custom:video-decoder-ogg-theora: a1e56fd34408186e4bbccfd4996cb3dc -> 
  custom:container-muxer-webm: aa71ff27fc2769a1b78a27578f13a17b -> 
  custom:container-demuxer-webm: 4f35f7cbe854078d1ac9338744f61a02 -> 
  custom:container-demuxer-ogg: 62fdf1f143b41e24485cea50d1cbac27 -> 
  custom:video-encoder-webm-vp8: eb34c28f22e8b96e1ab97ce403110664 -> 
  custom:video-decoder-webm-vp8: 9c59270c3fd7afecdb556c50c9e8de78 -> 
  custom:audio-decoder-ogg-vorbis: bf7c407c2cedff20999df2af8eb42d56 -> 
  custom:audio-encoder-webm-vorbis: bf7c407c2cedff20999df2af8eb42d56 -> 
========================================================================
Received Prepare
Registering precompiled user dll's ...
Registered in 0.002441 seconds.
Begin MonoManager ReloadAssembly
Native extension for Lumin target not found
Native extension for LinuxStandalone target not found
Native extension for WindowsStandalone target not found
Native extension for OSXStandalone target not found
Native extension for WebGL target not found
Refreshing native plugins compatible for Editor in 0.48 ms, found 3 plugins.
Preloading 0 native plugins for Editor in 0.00 ms.
Mono: successfully reloaded assembly
- Completed reload, in  0.803 seconds
Domain Reload Profiling:
	ReloadAssembly (803ms)
		BeginReloadAssembly (89ms)
			ExecutionOrderSort (0ms)
			DisableScriptedObjects (5ms)
			BackupInstance (0ms)
			ReleaseScriptingObjects (0ms)
			CreateAndSetChildDomain (28ms)
		EndReloadAssembly (665ms)
			LoadAssemblies (73ms)
			RebuildTransferFunctionScriptingTraits (0ms)
			SetupTypeCache (239ms)
			ReleaseScriptCaches (1ms)
			RebuildScriptCaches (35ms)
			SetupLoadedEditorAssemblies (239ms)
				LogAssemblyErrors (0ms)
				InitializePlatformSupportModulesInManaged (5ms)
				SetLoadedEditorAssemblies (0ms)
				RefreshPlugins (1ms)
				BeforeProcessingInitializeOnLoad (64ms)
				ProcessInitializeOnLoadAttributes (159ms)
				ProcessInitializeOnLoadMethodAttributes (8ms)
				AfterProcessingInitializeOnLoad (2ms)
				EditorAssembliesLoaded (0ms)
			ExecutionOrderSort2 (0ms)
			AwakeInstancesAfterBackupRestoration (7ms)
Platform modules already initialized, skipping
Refreshing native plugins compatible for Editor in 0.42 ms, found 3 plugins.
Preloading 0 native plugins for Editor in 0.00 ms.
Unloading 2191 Unused Serialized files (Serialized files now loaded: 0)
System memory in use before: 99.1 MB.
System memory in use after: 99.1 MB.

Unloading 23 unused Assets to reduce memory usage. Loaded Objects now: 2664.
Total: 2.770700 ms (FindLiveObjects: 0.166800 ms CreateObjectMapping: 0.058200 ms MarkObjects: 2.443700 ms  DeleteObjects: 0.101300 ms)

AssetImportParameters requested are different than current active one (requested -> active):
  custom:framework-win-MediaFoundation: 216162199b28c13a410421893ffa2e32 -> 
  custom:video-decoder-ogg-theora: a1e56fd34408186e4bbccfd4996cb3dc -> 
  custom:container-muxer-webm: aa71ff27fc2769a1b78a27578f13a17b -> 
  custom:container-demuxer-webm: 4f35f7cbe854078d1ac9338744f61a02 -> 
  custom:container-demuxer-ogg: 62fdf1f143b41e24485cea50d1cbac27 -> 
  custom:video-encoder-webm-vp8: eb34c28f22e8b96e1ab97ce403110664 -> 
  custom:video-decoder-webm-vp8: 9c59270c3fd7afecdb556c50c9e8de78 -> 
  custom:audio-decoder-ogg-vorbis: bf7c407c2cedff20999df2af8eb42d56 -> 
  custom:audio-encoder-webm-vorbis: bf7c407c2cedff20999df2af8eb42d56 -> 
========================================================================
Received Import Request.
  Time since last request: 503.264827 seconds.
  path: ProjectSettings/TagManager.asset
  artifactKey: Guid(00000000000000003000000000000000) Importer(815301076,1909f56bfc062723c751e8b465ee728b)
Start importing ProjectSettings/TagManager.asset using Guid(00000000000000003000000000000000) Importer(815301076,1909f56bfc062723c751e8b465ee728b)  -> (artifact id: '95df672b4aaba54310d34c83eef51bb8') in 0.015362 seconds 
  Import took 0.018519 seconds .

========================================================================
Received Prepare
Registering precompiled user dll's ...
Registered in 0.002449 seconds.
Begin MonoManager ReloadAssembly
Native extension for Lumin target not found
Native extension for LinuxStandalone target not found
Native extension for WindowsStandalone target not found
Native extension for OSXStandalone target not found
Native extension for WebGL target not found
Refreshing native plugins compatible for Editor in 0.50 ms, found 3 plugins.
Preloading 0 native plugins for Editor in 0.00 ms.
Mono: successfully reloaded assembly
- Completed reload, in  0.789 seconds
Domain Reload Profiling:
	ReloadAssembly (789ms)
		BeginReloadAssembly (90ms)
			ExecutionOrderSort (0ms)
			DisableScriptedObjects (5ms)
			BackupInstance (0ms)
			ReleaseScriptingObjects (0ms)
			CreateAndSetChildDomain (28ms)
		EndReloadAssembly (653ms)
			LoadAssemblies (71ms)
			RebuildTransferFunctionScriptingTraits (0ms)
			SetupTypeCache (235ms)
			ReleaseScriptCaches (1ms)
			RebuildScriptCaches (34ms)
			SetupLoadedEditorAssemblies (236ms)
				LogAssemblyErrors (0ms)
				InitializePlatformSupportModulesInManaged (5ms)
				SetLoadedEditorAssemblies (0ms)
				RefreshPlugins (1ms)
				BeforeProcessingInitializeOnLoad (63ms)
				ProcessInitializeOnLoadAttributes (156ms)
				ProcessInitializeOnLoadMethodAttributes (8ms)
				AfterProcessingInitializeOnLoad (2ms)
				EditorAssembliesLoaded (0ms)
			ExecutionOrderSort2 (0ms)
			AwakeInstancesAfterBackupRestoration (7ms)
Platform modules already initialized, skipping
Refreshing native plugins compatible for Editor in 0.38 ms, found 3 plugins.
Preloading 0 native plugins for Editor in 0.00 ms.
Unloading 2191 Unused Serialized files (Serialized files now loaded: 0)
System memory in use before: 99.1 MB.
System memory in use after: 99.1 MB.

Unloading 24 unused Assets to reduce memory usage. Loaded Objects now: 2666.
Total: 2.976300 ms (FindLiveObjects: 0.155300 ms CreateObjectMapping: 0.049900 ms MarkObjects: 2.649500 ms  DeleteObjects: 0.120900 ms)

AssetImportParameters requested are different than current active one (requested -> active):
  custom:framework-win-MediaFoundation: 216162199b28c13a410421893ffa2e32 -> 
  custom:video-decoder-ogg-theora: a1e56fd34408186e4bbccfd4996cb3dc -> 
  custom:container-muxer-webm: aa71ff27fc2769a1b78a27578f13a17b -> 
  custom:container-demuxer-webm: 4f35f7cbe854078d1ac9338744f61a02 -> 
  custom:container-demuxer-ogg: 62fdf1f143b41e24485cea50d1cbac27 -> 
  custom:video-encoder-webm-vp8: eb34c28f22e8b96e1ab97ce403110664 -> 
  custom:video-decoder-webm-vp8: 9c59270c3fd7afecdb556c50c9e8de78 -> 
  custom:audio-decoder-ogg-vorbis: bf7c407c2cedff20999df2af8eb42d56 -> 
  custom:audio-encoder-webm-vorbis: bf7c407c2cedff20999df2af8eb42d56 -> 
AssetImportWorkerClient::OnTransportError - code=2 error=End of file
